2016-07-04 06:01:43 Error: [MissingControllerException] Controller class ThemeController could not be found.
Exception Attributes: array (
  'class' => 'ThemeController',
  'plugin' => NULL,
)
Request URL: /payments/theme/js/admincustom.js
Stack Trace:
#0 /var/www/html/payments/app/webroot/index.php(111): Dispatcher->dispatch(Object(CakeRequest), Object(CakeResponse))
#1 {main}
2016-07-04 06:01:43 Error: [MissingActionException] Action AdminController::css() could not be found.
Exception Attributes: array (
  'controller' => 'AdminController',
  'action' => 'css',
)
Request URL: /payments/admin/css/jquery-ui.css
Stack Trace:
#0 /var/www/html/payments/lib/Cake/Routing/Dispatcher.php(193): Controller->invokeAction(Object(CakeRequest))
#1 /var/www/html/payments/lib/Cake/Routing/Dispatcher.php(167): Dispatcher->_invoke(Object(AdminController), Object(CakeRequest))
#2 /var/www/html/payments/app/webroot/index.php(111): Dispatcher->dispatch(Object(CakeRequest), Object(CakeResponse))
#3 {main}
2016-07-04 06:01:43 Error: [MissingActionException] Action AdminController::css() could not be found.
Exception Attributes: array (
  'controller' => 'AdminController',
  'action' => 'css',
)
Request URL: /payments/admin/css/jquery.gritter.css
Stack Trace:
#0 /var/www/html/payments/lib/Cake/Routing/Dispatcher.php(193): Controller->invokeAction(Object(CakeRequest))
#1 /var/www/html/payments/lib/Cake/Routing/Dispatcher.php(167): Dispatcher->_invoke(Object(AdminController), Object(CakeRequest))
#2 /var/www/html/payments/app/webroot/index.php(111): Dispatcher->dispatch(Object(CakeRequest), Object(CakeResponse))
#3 {main}
2016-07-04 06:01:44 Error: [MissingControllerException] Controller class ThemeController could not be found.
Exception Attributes: array (
  'class' => 'ThemeController',
  'plugin' => NULL,
)
Request URL: /payments/theme/js/admincustom.js
Stack Trace:
#0 /var/www/html/payments/app/webroot/index.php(111): Dispatcher->dispatch(Object(CakeRequest), Object(CakeResponse))
#1 {main}
2016-07-04 06:01:46 Error: [MissingControllerException] Controller class ThemeController could not be found.
Exception Attributes: array (
  'class' => 'ThemeController',
  'plugin' => NULL,
)
Request URL: /payments/theme/js/admincustom.js
Stack Trace:
#0 /var/www/html/payments/app/webroot/index.php(111): Dispatcher->dispatch(Object(CakeRequest), Object(CakeResponse))
#1 {main}
2016-07-04 06:01:46 Error: [MissingActionException] Action AdminController::css() could not be found.
Exception Attributes: array (
  'controller' => 'AdminController',
  'action' => 'css',
)
Request URL: /payments/admin/css/jquery-ui.css
Stack Trace:
#0 /var/www/html/payments/lib/Cake/Routing/Dispatcher.php(193): Controller->invokeAction(Object(CakeRequest))
#1 /var/www/html/payments/lib/Cake/Routing/Dispatcher.php(167): Dispatcher->_invoke(Object(AdminController), Object(CakeRequest))
#2 /var/www/html/payments/app/webroot/index.php(111): Dispatcher->dispatch(Object(CakeRequest), Object(CakeResponse))
#3 {main}
2016-07-04 06:01:46 Error: [MissingActionException] Action AdminController::css() could not be found.
Exception Attributes: array (
  'controller' => 'AdminController',
  'action' => 'css',
)
Request URL: /payments/admin/css/jquery.gritter.css
Stack Trace:
#0 /var/www/html/payments/lib/Cake/Routing/Dispatcher.php(193): Controller->invokeAction(Object(CakeRequest))
#1 /var/www/html/payments/lib/Cake/Routing/Dispatcher.php(167): Dispatcher->_invoke(Object(AdminController), Object(CakeRequest))
#2 /var/www/html/payments/app/webroot/index.php(111): Dispatcher->dispatch(Object(CakeRequest), Object(CakeResponse))
#3 {main}
2016-07-04 06:01:46 Error: [MissingControllerException] Controller class ThemeController could not be found.
Exception Attributes: array (
  'class' => 'ThemeController',
  'plugin' => NULL,
)
Request URL: /payments/theme/js/admincustom.js
Stack Trace:
#0 /var/www/html/payments/app/webroot/index.php(111): Dispatcher->dispatch(Object(CakeRequest), Object(CakeResponse))
#1 {main}
2016-07-04 06:01:52 Error: [MissingActionException] Action AdminController::css() could not be found.
Exception Attributes: array (
  'controller' => 'AdminController',
  'action' => 'css',
)
Request URL: /payments/admin/css/jquery.gritter.css
Stack Trace:
#0 /var/www/html/payments/lib/Cake/Routing/Dispatcher.php(193): Controller->invokeAction(Object(CakeRequest))
#1 /var/www/html/payments/lib/Cake/Routing/Dispatcher.php(167): Dispatcher->_invoke(Object(AdminController), Object(CakeRequest))
#2 /var/www/html/payments/app/webroot/index.php(111): Dispatcher->dispatch(Object(CakeRequest), Object(CakeResponse))
#3 {main}
2016-07-04 06:01:52 Error: [MissingActionException] Action AdminController::css() could not be found.
Exception Attributes: array (
  'controller' => 'AdminController',
  'action' => 'css',
)
Request URL: /payments/admin/css/jquery-ui.css
Stack Trace:
#0 /var/www/html/payments/lib/Cake/Routing/Dispatcher.php(193): Controller->invokeAction(Object(CakeRequest))
#1 /var/www/html/payments/lib/Cake/Routing/Dispatcher.php(167): Dispatcher->_invoke(Object(AdminController), Object(CakeRequest))
#2 /var/www/html/payments/app/webroot/index.php(111): Dispatcher->dispatch(Object(CakeRequest), Object(CakeResponse))
#3 {main}
2016-07-04 06:02:26 Error: [MissingActionException] Action AdminController::css() could not be found.
Exception Attributes: array (
  'controller' => 'AdminController',
  'action' => 'css',
)
Request URL: /payments/admin/css/jquery-ui.css
Stack Trace:
#0 /var/www/html/payments/lib/Cake/Routing/Dispatcher.php(193): Controller->invokeAction(Object(CakeRequest))
#1 /var/www/html/payments/lib/Cake/Routing/Dispatcher.php(167): Dispatcher->_invoke(Object(AdminController), Object(CakeRequest))
#2 /var/www/html/payments/app/webroot/index.php(111): Dispatcher->dispatch(Object(CakeRequest), Object(CakeResponse))
#3 {main}
2016-07-04 06:02:27 Error: [MissingActionException] Action AdminController::css() could not be found.
Exception Attributes: array (
  'controller' => 'AdminController',
  'action' => 'css',
)
Request URL: /payments/admin/css/jquery.gritter.css
Stack Trace:
#0 /var/www/html/payments/lib/Cake/Routing/Dispatcher.php(193): Controller->invokeAction(Object(CakeRequest))
#1 /var/www/html/payments/lib/Cake/Routing/Dispatcher.php(167): Dispatcher->_invoke(Object(AdminController), Object(CakeRequest))
#2 /var/www/html/payments/app/webroot/index.php(111): Dispatcher->dispatch(Object(CakeRequest), Object(CakeResponse))
#3 {main}
